#
# An unexpected error has been detected by Java Runtime Environment:
#
#  Internal Error (exceptions.cpp:367), pid=3936, tid=6712
#  Error: ExceptionMark destructor expects no pending exceptions
#
# Java VM: Java HotSpot(TM) Client VM (10.0-b19 mixed mode, sharing windows-x86)
# If you would like to submit a bug report, please visit:
#   http://java.sun.com/webapps/bugreport/crash.jsp
#

---------------  T H R E A D  ---------------

Current thread (0x003a8000):  JavaThread "main" [_thread_in_vm, id=6712, stack(0x008c0000,0x00910000)]

Stack: [0x008c0000,0x00910000]

[error occurred during error reporting (printing native stack), id 0xc0000005]

Java frames: (J=compiled Java code, j=interpreted, Vv=VM code)
v  ~BufferBlob::Interpreter
v  ~BufferBlob::Interpreter
v  ~BufferBlob::Interpreter
v  ~BufferBlob::Interpreter
v  ~BufferBlob::Interpreter
v  ~BufferBlob::Interpreter
v  ~BufferBlob::Interpreter
v  ~BufferBlob::Interpreter
v  ~BufferBlob::StubRoutines (1)
v  ~BufferBlob::Interpreter
v  ~BufferBlob::Interpreter
v  ~BufferBlob::Interpreter
v  ~BufferBlob::Interpreter
v  ~BufferBlob::Interpreter
v  ~BufferBlob::Interpreter
v  ~BufferBlob::StubRoutines (1)
v  ~BufferBlob::Interpreter
v  ~BufferBlob::Interpreter
v  ~BufferBlob::Interpreter
v  ~BufferBlob::Interpreter
v  ~BufferBlob::Interpreter
v  ~BufferBlob::Interpreter
v  ~BufferBlob::Interpreter
v  ~BufferBlob::Interpreter
v  ~BufferBlob::StubRoutines (1)
v  ~BufferBlob::Interpreter
v  ~BufferBlob::Interpreter
v  ~BufferBlob::Interpreter
v  ~BufferBlob::Interpreter
v  ~BufferBlob::Interpreter
v  ~BufferBlob::Interpreter
v  ~BufferBlob::StubRoutines (1)

---------------  P R O C E S S  ---------------

Java Threads: ( => current thread )
  0x02a71c00 JavaThread "Low Memory Detector" daemon [_thread_blocked, id=6028, stack(0x02d20000,0x02d70000)]
  0x02a6f400 JavaThread "CompilerThread0" daemon [_thread_blocked, id=6452, stack(0x02cd0000,0x02d20000)]
  0x02a6ac00 JavaThread "Attach Listener" daemon [_thread_blocked, id=6200, stack(0x02c80000,0x02cd0000)]
  0x02a6a000 JavaThread "Signal Dispatcher" daemon [_thread_blocked, id=4456, stack(0x02c30000,0x02c80000)]
  0x02a64000 JavaThread "Finalizer" daemon [_thread_blocked, id=6756, stack(0x02be0000,0x02c30000)]
  0x02a5fc00 JavaThread "Reference Handler" daemon [_thread_blocked, id=6396, stack(0x02b90000,0x02be0000)]
=>0x003a8000 JavaThread "main" [_thread_in_vm, id=6712, stack(0x008c0000,0x00910000)]

Other Threads:
  0x02a5e800 VMThread [stack: 0x02b40000,0x02b90000] [id=7700]
  0x02a83800 WatcherThread [stack: 0x02d70000,0x02dc0000] [id=6588]

VM state:not at safepoint (normal execution)

VM Mutex/Monitor currently owned by a thread: None

Heap
 def new generation   total 960K, used 598K [0x22990000, 0x22a90000, 0x22e70000)
  eden space 896K,  66% used [0x22990000, 0x22a259e8, 0x22a70000)
  from space 64K,   0% used [0x22a70000, 0x22a70000, 0x22a80000)
  to   space 64K,   0% used [0x22a80000, 0x22a80000, 0x22a90000)
 tenured generation   total 4096K, used 0K [0x22e70000, 0x23270000, 0x26990000)
   the space 4096K,   0% used [0x22e70000, 0x22e70000, 0x22e70200, 0x23270000)
 compacting perm gen  total 12288K, used 15K [0x26990000, 0x27590000, 0x2a990000)
   the space 12288K,   0% used [0x26990000, 0x26993ff0, 0x26994000, 0x27590000)
    ro space 8192K,  66% used [0x2a990000, 0x2aee0c80, 0x2aee0e00, 0x2b190000)
    rw space 12288K,  52% used [0x2b190000, 0x2b7e03d0, 0x2b7e0400, 0x2bd90000)

Dynamic libraries:
0x00400000 - 0x00423000 	C:\Program Files\Java\jdk1.6.0_04\bin\javaw.exe
0x7c900000 - 0x7c9b2000 	C:\WINDOWS\system32\ntdll.dll
0x7c800000 - 0x7c8f6000 	C:\WINDOWS\system32\kernel32.dll
0x77dd0000 - 0x77e6b000 	C:\WINDOWS\system32\ADVAPI32.dll
0x77e70000 - 0x77f02000 	C:\WINDOWS\system32\RPCRT4.dll
0x77fe0000 - 0x77ff1000 	C:\WINDOWS\system32\Secur32.dll
0x7e410000 - 0x7e4a1000 	C:\WINDOWS\system32\USER32.dll
0x77f10000 - 0x77f59000 	C:\WINDOWS\system32\GDI32.dll
0x76390000 - 0x763ad000 	C:\WINDOWS\system32\IMM32.DLL
0x629c0000 - 0x629c9000 	C:\WINDOWS\system32\LPK.DLL
0x74d90000 - 0x74dfb000 	C:\WINDOWS\system32\USP10.dll
0x7c340000 - 0x7c396000 	C:\Program Files\Java\jdk1.6.0_04\jre\bin\msvcr71.dll
0x6d870000 - 0x6dac0000 	C:\Program Files\Java\jdk1.6.0_04\jre\bin\client\jvm.dll
0x76b40000 - 0x76b6d000 	C:\WINDOWS\system32\WINMM.dll
0x6d320000 - 0x6d328000 	C:\Program Files\Java\jdk1.6.0_04\jre\bin\hpi.dll
0x76bf0000 - 0x76bfb000 	C:\WINDOWS\system32\PSAPI.DLL
0x6d820000 - 0x6d82c000 	C:\Program Files\Java\jdk1.6.0_04\jre\bin\verify.dll
0x6d3c0000 - 0x6d3df000 	C:\Program Files\Java\jdk1.6.0_04\jre\bin\java.dll
0x6d860000 - 0x6d86f000 	C:\Program Files\Java\jdk1.6.0_04\jre\bin\zip.dll

VM Arguments:
java_command: com.google.appengine.tools.enhancer.Enhance L:\Personal\Project\Demo\war\WEB-INF\classes\com\appspot\demo\server\paypal\service\IPNService.class
Launcher Type: SUN_STANDARD

Environment Variables:
JAVA_HOME=C:\Program Files\Java\jdk1.6.0_04
CLASSPATH=.;C:\Program Files\Java\jre1.6.0_04\lib\ext\QTJava.zip
PATH=C:/Program Files/Java/jre6/bin/client;C:/Program Files/Java/jre6/bin;C:\Applications\Oracle11g\admin\product\11.1.0\client_2\bin;c:\ruby\bin;C:\WINDOWS\system32;C:\WINDOWS;C:\WINDOWS\System32\Wbem;C:\Applications\Scite\wscite176\wscite;C:\Applications\Maven\maven-2.0.7\bin;C:\Applications\EclipseAll\eclipse;C:\Application\cygwin\bin\;C:\Program Files\MySQL\MySQL Server 5.0\bin;C:\Applications\cygwin\;C:\Program Files\Vim\vim71;C:\Program Files\MySQL\MySQL Server 5.0\bin;C:\Applications\bin;C:\Python25;C:\Python25\Scripts;C:\Applications\cygwin\bin;C:\Applications\gnuplot\gnuplot\bin;C:\Applications\console\Console-2.00b122-Beta\Console2;C:\Program Files\Java\jdk1.6.0_04\bin;"C:\Documents and Settings\choonkee\Local Settings\Application Data\Google\Chrome\Application\";C:\Program Files\TortoiseSVN\bin;C:\Program Files\QuickTime\QTSystem\;C:\Program Files\Claws\pub;C:\Program Files\Google\google_appengine\
USERNAME=choonkee
OS=Windows_NT
PROCESSOR_IDENTIFIER=x86 Family 6 Model 15 Stepping 13, GenuineIntel



---------------  S Y S T E M  ---------------

OS: Windows XP Build 2600 Service Pack 3

CPU:total 2 (2 cores per cpu, 1 threads per core) family 6 model 15 stepping 13, cmov, cx8, fxsr, mmx, sse, sse2, sse3, ssse3

Memory: 4k page, physical 2052644k(154752k free), swap 3990572k(1674880k free)

vm_info: Java HotSpot(TM) Client VM (10.0-b19) for windows-x86 JRE (1.6.0_04-b12), built on Dec 14 2007 00:51:20 by "java_re" with MS VC++ 7.1

time: Wed Jan 27 11:58:50 2010
elapsed time: 0 seconds

