#
# An unexpected error has been detected by Java Runtime Environment:
#
#  EXCEPTION_ACCESS_VIOLATION (0xc0000005) at pc=0x6d9a13a6, pid=5036, tid=2764
#
# Java VM: Java HotSpot(TM) Client VM (10.0-b19 mixed mode, sharing windows-x86)
# Problematic frame:
# V  [jvm.dll+0x1313a6]
#
# If you would like to submit a bug report, please visit:
#   http://java.sun.com/webapps/bugreport/crash.jsp
#

---------------  T H R E A D  ---------------

Current thread (0x003a8000):  JavaThread "main" [_thread_in_vm, id=2764, stack(0x008c0000,0x00910000)]

siginfo: ExceptionCode=0xc0000005, reading address 0x61a538a0

Registers:
EAX=0x2ad63320, EBX=0x003a87c0, ECX=0x26a3b5c0, EDX=0x26a04df0
ESP=0x0090f194, EBP=0x003a87b8, ESI=0x61a53870, EDI=0x003a8000
EIP=0x6d9a13a6, EFLAGS=0x00010202

Top of Stack: (sp=0x0090f194)
0x0090f194:   2ad63320 26a04df0 0090f3e0 6d9a17d0
0x0090f1a4:   0090f3e0 003a87b8 003a87bc 003a87c0
0x0090f1b4:   003a8000 0090f3e0 003a87b8 003a8000
0x0090f1c4:   003a87ac 00000000 00000000 00000000
0x0090f1d4:   00000000 003a87d0 003a87d0 003a87c4
0x0090f1e4:   003a87c0 003a7d30 003a8378 2aa3ed28
0x0090f1f4:   26a21590 003a87c0 2ad5af48 00000001
0x0090f204:   003a87bc 00000000 6d927b0d 26a21468 

Instructions: (pc=0x6d9a13a6)
0x6d9a1396:   10 8b 44 24 0c 85 c0 74 02 8b 00 56 8b 31 52 50
0x6d9a13a6:   ff 56 30 8b f0 85 f6 75 08 8b 4c 24 08 89 01 5e 


Stack: [0x008c0000,0x00910000],  sp=0x0090f194,  free space=316k
Native frames: (J=compiled Java code, j=interpreted, Vv=VM code, C=native code)
V  [jvm.dll+0x1313a6]

Java frames: (J=compiled Java code, j=interpreted, Vv=VM code)
v  ~BufferBlob::Interpreter
v  ~BufferBlob::Interpreter
v  ~BufferBlob::Interpreter
v  ~BufferBlob::Interpreter
v  ~BufferBlob::Interpreter
v  ~BufferBlob::Interpreter
v  ~BufferBlob::Interpreter
v  ~BufferBlob::Interpreter
v  ~BufferBlob::Interpreter
v  ~BufferBlob::Interpreter
v  ~BufferBlob::Interpreter
v  ~BufferBlob::Interpreter
v  ~BufferBlob::Interpreter
v  ~BufferBlob::Interpreter
v  ~BufferBlob::Interpreter
v  ~BufferBlob::StubRoutines (1)
v  ~BufferBlob::Interpreter
v  ~BufferBlob::Interpreter
v  ~BufferBlob::Interpreter
v  ~BufferBlob::Interpreter
v  ~BufferBlob::Interpreter
v  ~BufferBlob::Interpreter
v  ~BufferBlob::Interpreter
v  ~BufferBlob::StubRoutines (1)

---------------  P R O C E S S  ---------------

Java Threads: ( => current thread )
  0x02a79c00 JavaThread "Low Memory Detector" daemon [_thread_blocked, id=4416, stack(0x02d20000,0x02d70000)]
  0x02a6c000 JavaThread "CompilerThread0" daemon [_thread_blocked, id=5888, stack(0x02cd0000,0x02d20000)]
  0x02a6ac00 JavaThread "Attach Listener" daemon [_thread_blocked, id=4616, stack(0x02c80000,0x02cd0000)]
  0x02a6a000 JavaThread "Signal Dispatcher" daemon [_thread_blocked, id=4164, stack(0x02c30000,0x02c80000)]
  0x02a64000 JavaThread "Finalizer" daemon [_thread_blocked, id=5296, stack(0x02be0000,0x02c30000)]
  0x02a5fc00 JavaThread "Reference Handler" daemon [_thread_blocked, id=5868, stack(0x02b90000,0x02be0000)]
=>0x003a8000 JavaThread "main" [_thread_in_vm, id=2764, stack(0x008c0000,0x00910000)]

Other Threads:
  0x02a5e800 VMThread [stack: 0x02b40000,0x02b90000] [id=2852]
  0x02a8d000 WatcherThread [stack: 0x02d70000,0x02dc0000] [id=1720]

VM state:not at safepoint (normal execution)

VM Mutex/Monitor currently owned by a thread: None

Heap
 def new generation   total 960K, used 625K [0x22990000, 0x22a90000, 0x22e70000)
  eden space 896K,  62% used [0x22990000, 0x22a1c680, 0x22a70000)
  from space 64K, 100% used [0x22a70000, 0x22a80000, 0x22a80000)
  to   space 64K,   0% used [0x22a80000, 0x22a80000, 0x22a90000)
 tenured generation   total 4096K, used 874K [0x22e70000, 0x23270000, 0x26990000)
   the space 4096K,  21% used [0x22e70000, 0x22f4abf0, 0x22f4ac00, 0x23270000)
 compacting perm gen  total 12288K, used 1098K [0x26990000, 0x27590000, 0x2a990000)
   the space 12288K,   8% used [0x26990000, 0x26aa2910, 0x26aa2a00, 0x27590000)
    ro space 8192K,  66% used [0x2a990000, 0x2aee0c80, 0x2aee0e00, 0x2b190000)
    rw space 12288K,  52% used [0x2b190000, 0x2b7e03d0, 0x2b7e0400, 0x2bd90000)

Dynamic libraries:
0x00400000 - 0x00423000 	C:\Program Files\Java\jdk1.6.0_04\bin\javaw.exe
0x7c900000 - 0x7c9b2000 	C:\WINDOWS\system32\ntdll.dll
0x7c800000 - 0x7c8f6000 	C:\WINDOWS\system32\kernel32.dll
0x77dd0000 - 0x77e6b000 	C:\WINDOWS\system32\ADVAPI32.dll
0x77e70000 - 0x77f02000 	C:\WINDOWS\system32\RPCRT4.dll
0x77fe0000 - 0x77ff1000 	C:\WINDOWS\system32\Secur32.dll
0x7e410000 - 0x7e4a1000 	C:\WINDOWS\system32\USER32.dll
0x77f10000 - 0x77f59000 	C:\WINDOWS\system32\GDI32.dll
0x76390000 - 0x763ad000 	C:\WINDOWS\system32\IMM32.DLL
0x629c0000 - 0x629c9000 	C:\WINDOWS\system32\LPK.DLL
0x74d90000 - 0x74dfb000 	C:\WINDOWS\system32\USP10.dll
0x7c340000 - 0x7c396000 	C:\Program Files\Java\jdk1.6.0_04\jre\bin\msvcr71.dll
0x6d870000 - 0x6dac0000 	C:\Program Files\Java\jdk1.6.0_04\jre\bin\client\jvm.dll
0x76b40000 - 0x76b6d000 	C:\WINDOWS\system32\WINMM.dll
0x6d320000 - 0x6d328000 	C:\Program Files\Java\jdk1.6.0_04\jre\bin\hpi.dll
0x76bf0000 - 0x76bfb000 	C:\WINDOWS\system32\PSAPI.DLL
0x6d820000 - 0x6d82c000 	C:\Program Files\Java\jdk1.6.0_04\jre\bin\verify.dll
0x6d3c0000 - 0x6d3df000 	C:\Program Files\Java\jdk1.6.0_04\jre\bin\java.dll
0x6d860000 - 0x6d86f000 	C:\Program Files\Java\jdk1.6.0_04\jre\bin\zip.dll

VM Arguments:
java_command: com.google.appengine.tools.enhancer.Enhance L:\Personal\Project\Demo\war\WEB-INF\classes\com\appspot\demo\client\paypal\dto\js\InvoiceJs.class
Launcher Type: SUN_STANDARD

Environment Variables:
JAVA_HOME=C:\Program Files\Java\jdk1.6.0_04
CLASSPATH=.;C:\Program Files\Java\jre1.6.0_04\lib\ext\QTJava.zip
PATH=C:/Program Files/Java/jre6/bin/client;C:/Program Files/Java/jre6/bin;C:\Applications\Oracle11g\admin\product\11.1.0\client_2\bin;c:\ruby\bin;C:\WINDOWS\system32;C:\WINDOWS;C:\WINDOWS\System32\Wbem;C:\Applications\Scite\wscite176\wscite;C:\Applications\Maven\maven-2.0.7\bin;C:\Applications\EclipseAll\eclipse;C:\Application\cygwin\bin\;C:\Program Files\MySQL\MySQL Server 5.0\bin;C:\Applications\cygwin\;C:\Program Files\Vim\vim71;C:\Program Files\MySQL\MySQL Server 5.0\bin;C:\Applications\bin;C:\Python25;C:\Python25\Scripts;C:\Applications\cygwin\bin;C:\Applications\gnuplot\gnuplot\bin;C:\Applications\console\Console-2.00b122-Beta\Console2;C:\Program Files\Java\jdk1.6.0_04\bin;"C:\Documents and Settings\choonkee\Local Settings\Application Data\Google\Chrome\Application\";C:\Program Files\TortoiseSVN\bin;C:\Program Files\QuickTime\QTSystem\;C:\Program Files\Claws\pub;C:\Program Files\Google\google_appengine\
USERNAME=choonkee
OS=Windows_NT
PROCESSOR_IDENTIFIER=x86 Family 6 Model 15 Stepping 13, GenuineIntel



---------------  S Y S T E M  ---------------

OS: Windows XP Build 2600 Service Pack 3

CPU:total 2 (2 cores per cpu, 1 threads per core) family 6 model 15 stepping 13, cmov, cx8, fxsr, mmx, sse, sse2, sse3, ssse3

Memory: 4k page, physical 2052644k(82924k free), swap 3948112k(2029624k free)

vm_info: Java HotSpot(TM) Client VM (10.0-b19) for windows-x86 JRE (1.6.0_04-b12), built on Dec 14 2007 00:51:20 by "java_re" with MS VC++ 7.1

time: Thu Jan 28 16:08:19 2010
elapsed time: 0 seconds

