#
# An unexpected error has been detected by Java Runtime Environment:
#
#  EXCEPTION_ACCESS_VIOLATION (0xc0000005) at pc=0x6d867220, pid=984, tid=5120
#
# Java VM: Java HotSpot(TM) Client VM (10.0-b19 mixed mode, sharing windows-x86)
# Problematic frame:
# C  [zip.dll+0x7220]
#
# If you would like to submit a bug report, please visit:
#   http://java.sun.com/webapps/bugreport/crash.jsp
# The crash happened outside the Java Virtual Machine in native code.
# See problematic frame for where to report the bug.
#

---------------  T H R E A D  ---------------

Current thread (0x003a8000):  JavaThread "main" [_thread_in_native, id=5120, stack(0x008c0000,0x00910000)]

siginfo: ExceptionCode=0xc0000005, reading address 0x00000028

Registers:
EAX=0x00000000, EBX=0x2b3ee020, ECX=0x003a80f4, EDX=0x2b3ed128
ESP=0x0090ea80, EBP=0x0090eae0, ESI=0x2ab2a7c8, EDI=0x00000000
EIP=0x6d867220, EFLAGS=0x00010287

Top of Stack: (sp=0x0090ea80)
0x0090ea80:   6d867555 00000000 003a8000 2ab2a7c8
0x0090ea90:   6d861b91 00000000 02e03050 00919c91
0x0090eaa0:   003a80f4 0090eae8 00000000 00000000
0x0090eab0:   02e03050 00000000 02020ea4 02020744
0x0090eac0:   0090eac0 00000000 0090eafc 2b3ed128
0x0090ead0:   00000000 2b3ee020 00000000 0090eb00
0x0090eae0:   0090eb48 030688a8 2b783940 00918099
0x0090eaf0:   02e03050 00000000 00000000 00000000 

Instructions: (pc=0x6d867220)
0x6d867210:   04 57 ff d6 59 8b c3 5f 5e 5b c9 c3 8b 44 24 04
0x6d867220:   ff 70 28 e8 c2 08 00 00 c3 8b 44 24 04 ff 70 28 


Stack: [0x008c0000,0x00910000],  sp=0x0090ea80,  free space=314k
Native frames: (J=compiled Java code, j=interpreted, Vv=VM code, C=native code)
C  [zip.dll+0x7220]
C  0x030688a8
J  java.util.jar.JarFile.getEntry(Ljava/lang/String;)Ljava/util/zip/ZipEntry;
v  ~BufferBlob::Interpreter
v  ~BufferBlob::Interpreter
v  ~BufferBlob::Interpreter
v  ~BufferBlob::Interpreter
v  ~BufferBlob::StubRoutines (1)

Java frames: (J=compiled Java code, j=interpreted, Vv=VM code)
v  ~BufferBlob::Interpreter
C  0x030688a8
J  java.util.jar.JarFile.getEntry(Ljava/lang/String;)Ljava/util/zip/ZipEntry;
v  ~BufferBlob::Interpreter
v  ~BufferBlob::Interpreter
v  ~BufferBlob::Interpreter
v  ~BufferBlob::Interpreter
v  ~BufferBlob::StubRoutines (1)
v  ~BufferBlob::Interpreter
v  ~BufferBlob::Interpreter
v  ~BufferBlob::Interpreter
v  ~BufferBlob::Interpreter
v  ~BufferBlob::Interpreter
v  ~BufferBlob::Interpreter
v  ~BufferBlob::StubRoutines (1)
v  ~BufferBlob::Interpreter
v  ~BufferBlob::Interpreter
v  ~BufferBlob::Interpreter
v  ~BufferBlob::Interpreter
v  ~BufferBlob::Interpreter
v  ~BufferBlob::Interpreter
v  ~BufferBlob::Interpreter
v  ~BufferBlob::Interpreter
v  ~BufferBlob::Interpreter
v  ~BufferBlob::Interpreter
v  ~BufferBlob::StubRoutines (1)
v  ~BufferBlob::Interpreter
v  ~BufferBlob::Interpreter
v  ~BufferBlob::Interpreter
v  ~BufferBlob::Interpreter
v  ~BufferBlob::Interpreter
v  ~BufferBlob::Interpreter
v  ~BufferBlob::Interpreter
v  ~BufferBlob::StubRoutines (1)

---------------  P R O C E S S  ---------------

Java Threads: ( => current thread )
  0x02a71c00 JavaThread "Low Memory Detector" daemon [_thread_blocked, id=5624, stack(0x02d20000,0x02d70000)]
  0x02a6f400 JavaThread "CompilerThread0" daemon [_thread_blocked, id=5704, stack(0x02cd0000,0x02d20000)]
  0x02a6ac00 JavaThread "Attach Listener" daemon [_thread_blocked, id=4752, stack(0x02c80000,0x02cd0000)]
  0x02a6a000 JavaThread "Signal Dispatcher" daemon [_thread_blocked, id=5752, stack(0x02c30000,0x02c80000)]
  0x02a64000 JavaThread "Finalizer" daemon [_thread_blocked, id=5080, stack(0x02be0000,0x02c30000)]
  0x02a5fc00 JavaThread "Reference Handler" daemon [_thread_blocked, id=3040, stack(0x02b90000,0x02be0000)]
=>0x003a8000 JavaThread "main" [_thread_in_native, id=5120, stack(0x008c0000,0x00910000)]

Other Threads:
  0x02a5e800 VMThread [stack: 0x02b40000,0x02b90000] [id=4256]
  0x02a83800 WatcherThread [stack: 0x02d70000,0x02dc0000] [id=4844]

VM state:not at safepoint (normal execution)

VM Mutex/Monitor currently owned by a thread: None

Heap
 def new generation   total 960K, used 819K [0x22990000, 0x22a90000, 0x22e70000)
  eden space 896K,  84% used [0x22990000, 0x22a4cd70, 0x22a70000)
  from space 64K, 100% used [0x22a70000, 0x22a80000, 0x22a80000)
  to   space 64K,   0% used [0x22a80000, 0x22a80000, 0x22a90000)
 tenured generation   total 4096K, used 874K [0x22e70000, 0x23270000, 0x26990000)
   the space 4096K,  21% used [0x22e70000, 0x22f4abe0, 0x22f4ac00, 0x23270000)
 compacting perm gen  total 12288K, used 1347K [0x26990000, 0x27590000, 0x2a990000)
   the space 12288K,  10% used [0x26990000, 0x26ae0fa8, 0x26ae1000, 0x27590000)
    ro space 8192K,  66% used [0x2a990000, 0x2aee0c80, 0x2aee0e00, 0x2b190000)
    rw space 12288K,  52% used [0x2b190000, 0x2b7e03d0, 0x2b7e0400, 0x2bd90000)

Dynamic libraries:
0x00400000 - 0x00423000 	C:\Program Files\Java\jdk1.6.0_04\bin\javaw.exe
0x7c900000 - 0x7c9b2000 	C:\WINDOWS\system32\ntdll.dll
0x7c800000 - 0x7c8f6000 	C:\WINDOWS\system32\kernel32.dll
0x77dd0000 - 0x77e6b000 	C:\WINDOWS\system32\ADVAPI32.dll
0x77e70000 - 0x77f02000 	C:\WINDOWS\system32\RPCRT4.dll
0x77fe0000 - 0x77ff1000 	C:\WINDOWS\system32\Secur32.dll
0x7e410000 - 0x7e4a1000 	C:\WINDOWS\system32\USER32.dll
0x77f10000 - 0x77f59000 	C:\WINDOWS\system32\GDI32.dll
0x76390000 - 0x763ad000 	C:\WINDOWS\system32\IMM32.DLL
0x629c0000 - 0x629c9000 	C:\WINDOWS\system32\LPK.DLL
0x74d90000 - 0x74dfb000 	C:\WINDOWS\system32\USP10.dll
0x7c340000 - 0x7c396000 	C:\Program Files\Java\jdk1.6.0_04\jre\bin\msvcr71.dll
0x6d870000 - 0x6dac0000 	C:\Program Files\Java\jdk1.6.0_04\jre\bin\client\jvm.dll
0x76b40000 - 0x76b6d000 	C:\WINDOWS\system32\WINMM.dll
0x6d320000 - 0x6d328000 	C:\Program Files\Java\jdk1.6.0_04\jre\bin\hpi.dll
0x76bf0000 - 0x76bfb000 	C:\WINDOWS\system32\PSAPI.DLL
0x6d820000 - 0x6d82c000 	C:\Program Files\Java\jdk1.6.0_04\jre\bin\verify.dll
0x6d3c0000 - 0x6d3df000 	C:\Program Files\Java\jdk1.6.0_04\jre\bin\java.dll
0x6d860000 - 0x6d86f000 	C:\Program Files\Java\jdk1.6.0_04\jre\bin\zip.dll

VM Arguments:
java_command: com.google.appengine.tools.enhancer.Enhance L:\Personal\Project\Demo\war\WEB-INF\classes\com\appspot\demo\client\paypal\dto\js\InvoiceJs.class
Launcher Type: SUN_STANDARD

Environment Variables:
JAVA_HOME=C:\Program Files\Java\jdk1.6.0_04
CLASSPATH=.;C:\Program Files\Java\jre1.6.0_04\lib\ext\QTJava.zip
PATH=C:/Program Files/Java/jre6/bin/client;C:/Program Files/Java/jre6/bin;C:\Applications\Oracle11g\admin\product\11.1.0\client_2\bin;c:\ruby\bin;C:\WINDOWS\system32;C:\WINDOWS;C:\WINDOWS\System32\Wbem;C:\Applications\Scite\wscite176\wscite;C:\Applications\Maven\maven-2.0.7\bin;C:\Applications\EclipseAll\eclipse;C:\Application\cygwin\bin\;C:\Program Files\MySQL\MySQL Server 5.0\bin;C:\Applications\cygwin\;C:\Program Files\Vim\vim71;C:\Program Files\MySQL\MySQL Server 5.0\bin;C:\Applications\bin;C:\Python25;C:\Python25\Scripts;C:\Applications\cygwin\bin;C:\Applications\gnuplot\gnuplot\bin;C:\Applications\console\Console-2.00b122-Beta\Console2;C:\Program Files\Java\jdk1.6.0_04\bin;"C:\Documents and Settings\choonkee\Local Settings\Application Data\Google\Chrome\Application\";C:\Program Files\TortoiseSVN\bin;C:\Program Files\QuickTime\QTSystem\;C:\Program Files\Claws\pub;C:\Program Files\Google\google_appengine\
USERNAME=choonkee
OS=Windows_NT
PROCESSOR_IDENTIFIER=x86 Family 6 Model 15 Stepping 13, GenuineIntel



---------------  S Y S T E M  ---------------

OS: Windows XP Build 2600 Service Pack 3

CPU:total 2 (2 cores per cpu, 1 threads per core) family 6 model 15 stepping 13, cmov, cx8, fxsr, mmx, sse, sse2, sse3, ssse3

Memory: 4k page, physical 2052644k(90992k free), swap 3948112k(2040884k free)

vm_info: Java HotSpot(TM) Client VM (10.0-b19) for windows-x86 JRE (1.6.0_04-b12), built on Dec 14 2007 00:51:20 by "java_re" with MS VC++ 7.1

time: Thu Jan 28 16:10:41 2010
elapsed time: 0 seconds

